#
# A fatal error has been detected by the Java Runtime Environment:
#
#  EXCEPTION_ACCESS_VIOLATION (0xc0000005) at pc=0x788621f4, pid=10432, tid=9264
#
# JRE version: Java(TM) SE Runtime Environment (7.0_80-b15) (build 1.7.0_80-b15)
# Java VM: Java HotSpot(TM) Client VM (24.80-b11 mixed mode, sharing windows-x86 )
# Problematic frame:
# C  [msvcr100.dll+0x121f4]
#
# Failed to write core dump. Minidumps are not enabled by default on client versions of Windows
#
# If you would like to submit a bug report, please visit:
#   http://bugreport.java.com/bugreport/crash.jsp
# The crash happened outside the Java Virtual Machine in native code.
# See problematic frame for where to report the bug.
#

---------------  T H R E A D  ---------------

Current thread (0x00b71c00):  JavaThread "Swing-Shell" daemon [_thread_in_native, id=9264, stack(0x06d20000,0x06d70000)]

siginfo: ExceptionCode=0xc0000005, reading address 0x00000000

Registers:
EAX=0x00000000, EBX=0x34a4c520, ECX=0xa19df5a9, EDX=0x002150b8
ESP=0x06d6f030, EBP=0x06d6f030, ESI=0x06d6f050, EDI=0x00b71d30
EIP=0x788621f4, EFLAGS=0x00010246

Top of Stack: (sp=0x06d6f030)
0x06d6f030:   06d6f158 6c54eac6 00000000 34a4c520
0x06d6f040:   6c54f25d 00222368 00b71c00 34a4c520
0x06d6f050:   00000000 00000000 00000024 00000001
0x06d6f060:   00000000 00000000 00000000 00000000
0x06d6f070:   00000000 00000000 00000000 048c6fc0
0x06d6f080:   00b71c00 06d6f0b8 6ded1713 00b71c00
0x06d6f090:   bbb62975 0493b4e0 00b71c00 049f4a30
0x06d6f0a0:   06d6f090 06d6f0e4 06d6f444 6e16787e 

Instructions: (pc=0x788621f4)
0x788621d4:   48 90 78 00 0f 84 bd 20 00 00 6a 00 ff 75 08 e8
0x788621e4:   8a 22 00 00 59 59 5d c3 8b ff 55 8b ec 8b 45 08
0x788621f4:   66 8b 08 83 c0 02 66 85 c9 75 f5 2b 45 08 d1 f8
0x78862204:   48 5d c3 8b ff 55 8b ec 51 53 56 8b 75 08 f6 46 


Register to memory mapping:

EAX=0x00000000 is an unknown value
EBX=0x34a4c520 is an oop
{method} 
 - klass: {other class}
ECX=0xa19df5a9 is an unknown value
EDX=0x002150b8 is an unknown value
ESP=0x06d6f030 is pointing into the stack for thread: 0x00b71c00
EBP=0x06d6f030 is pointing into the stack for thread: 0x00b71c00
ESI=0x06d6f050 is pointing into the stack for thread: 0x00b71c00
EDI=0x00b71d30 is an unknown value


Stack: [0x06d20000,0x06d70000],  sp=0x06d6f030,  free space=316k
Native frames: (J=compiled Java code, j=interpreted, Vv=VM code, C=native code)
C  [msvcr100.dll+0x121f4]
C  [awt.dll+0xaeac6]
j  sun.awt.shell.Win32ShellFolder2.getDisplayNameOf(JJI)Ljava/lang/String;+0
j  sun.awt.shell.Win32ShellFolder2.access$1600(JJI)Ljava/lang/String;+4
j  sun.awt.shell.Win32ShellFolder2$13.call()Ljava/lang/String;+15
j  sun.awt.shell.Win32ShellFolder2$13.call()Ljava/lang/Object;+1
j  java.util.concurrent.FutureTask.run()V+42
j  java.util.concurrent.ThreadPoolExecutor.runWorker(Ljava/util/concurrent/ThreadPoolExecutor$Worker;)V+95
j  java.util.concurrent.ThreadPoolExecutor$Worker.run()V+5
j  sun.awt.shell.Win32ShellFolderManager2$ComInvoker$3.run()V+7
j  java.lang.Thread.run()V+11
v  ~StubRoutines::call_stub
V  [jvm.dll+0x1429aa]
V  [jvm.dll+0x20743e]
V  [jvm.dll+0x142b75]
V  [jvm.dll+0x142bd7]
V  [jvm.dll+0xed5cf]
V  [jvm.dll+0x163c4c]
V  [jvm.dll+0x1646a7]
V  [jvm.dll+0x1a92f9]
C  [msvcr100.dll+0x5c556]
C  [msvcr100.dll+0x5c600]
C  [KERNEL32.DLL+0x18744]
C  [ntdll.dll+0x6582d]
C  [ntdll.dll+0x657fd]

Java frames: (J=compiled Java code, j=interpreted, Vv=VM code)
j  sun.awt.shell.Win32ShellFolder2.getDisplayNameOf(JJI)Ljava/lang/String;+0
j  sun.awt.shell.Win32ShellFolder2.access$1600(JJI)Ljava/lang/String;+4
j  sun.awt.shell.Win32ShellFolder2$13.call()Ljava/lang/String;+15
j  sun.awt.shell.Win32ShellFolder2$13.call()Ljava/lang/Object;+1
j  java.util.concurrent.FutureTask.run()V+42
j  java.util.concurrent.ThreadPoolExecutor.runWorker(Ljava/util/concurrent/ThreadPoolExecutor$Worker;)V+95
j  java.util.concurrent.ThreadPoolExecutor$Worker.run()V+5
j  sun.awt.shell.Win32ShellFolderManager2$ComInvoker$3.run()V+7
j  java.lang.Thread.run()V+11
v  ~StubRoutines::call_stub

---------------  P R O C E S S  ---------------

Java Threads: ( => current thread )
=>0x00b71c00 JavaThread "Swing-Shell" daemon [_thread_in_native, id=9264, stack(0x06d20000,0x06d70000)]
  0x00b70800 JavaThread "Image Fetcher 0" daemon [_thread_blocked, id=12432, stack(0x05e80000,0x05ed0000)]
  0x04a5b000 JavaThread "TimerQueue" daemon [_thread_blocked, id=1388, stack(0x069e0000,0x06a30000)]
  0x0019d800 JavaThread "DestroyJavaVM" [_thread_blocked, id=7304, stack(0x00af0000,0x00b40000)]
  0x049cc800 JavaThread "Thread-3" [_thread_blocked, id=6992, stack(0x05e30000,0x05e80000)]
  0x0494c000 JavaThread "Thread-2" [_thread_in_native, id=1312, stack(0x05da0000,0x05df0000)]
  0x048cec00 JavaThread "AWT-EventQueue-0" [_thread_blocked, id=3344, stack(0x058c0000,0x05910000)]
  0x048ba800 JavaThread "AWT-Windows" daemon [_thread_in_native, id=8976, stack(0x04f80000,0x04fd0000)]
  0x048ae400 JavaThread "AWT-Shutdown" [_thread_blocked, id=11944, stack(0x04ef0000,0x04f40000)]
  0x048ab800 JavaThread "Java2D Disposer" daemon [_thread_blocked, id=8260, stack(0x04e20000,0x04e70000)]
  0x00bd7c00 JavaThread "Service Thread" daemon [_thread_blocked, id=8104, stack(0x045f0000,0x04640000)]
  0x00bd6800 JavaThread "C1 CompilerThread0" daemon [_thread_blocked, id=13200, stack(0x04560000,0x045b0000)]
  0x00bd5400 JavaThread "Attach Listener" daemon [_thread_blocked, id=9032, stack(0x044d0000,0x04520000)]
  0x00bd3400 JavaThread "Signal Dispatcher" daemon [_thread_blocked, id=1132, stack(0x04440000,0x04490000)]
  0x00b62800 JavaThread "Finalizer" daemon [_thread_blocked, id=6316, stack(0x043f0000,0x04440000)]
  0x00b61400 JavaThread "Reference Handler" daemon [_thread_blocked, id=3168, stack(0x00ef0000,0x00f40000)]

Other Threads:
  0x00b5f400 VMThread [stack: 0x00e60000,0x00eb0000] [id=3396]
  0x00be3c00 WatcherThread [stack: 0x04680000,0x046d0000] [id=2476]

VM state:not at safepoint (normal execution)

VM Mutex/Monitor currently owned by a thread: None

Heap
 def new generation   total 4928K, used 4345K [0x24800000, 0x24d50000, 0x29d50000)
  eden space 4416K,  91% used [0x24800000, 0x24befeb8, 0x24c50000)
  from space 512K,  61% used [0x24cd0000, 0x24d1e798, 0x24d50000)
  to   space 512K,   0% used [0x24c50000, 0x24c50000, 0x24cd0000)
 tenured generation   total 10944K, used 7108K [0x29d50000, 0x2a800000, 0x34800000)
   the space 10944K,  64% used [0x29d50000, 0x2a441080, 0x2a441200, 0x2a800000)
 compacting perm gen  total 12288K, used 3384K [0x34800000, 0x35400000, 0x38800000)
   the space 12288K,  27% used [0x34800000, 0x34b4e1c8, 0x34b4e200, 0x35400000)
    ro space 10240K,  44% used [0x38800000, 0x38c7d3a8, 0x38c7d400, 0x39200000)
    rw space 12288K,  52% used [0x39200000, 0x39849a18, 0x39849c00, 0x39e00000)

Card table byte_map: [0x00ce0000,0x00d90000] byte_map_base: 0x00bbc000

Polling page: 0x001c0000

Code Cache  [0x023f0000, 0x025b8000, 0x043f0000)
 total_blobs=1014 nmethods=764 adapters=186 free_code_cache=30974Kb largest_free_block=31717120

Compilation events (10 events):
Event: 159.014 Thread 0x00bd6800  765             java.util.concurrent.FutureTask::awaitDone (171 bytes)
Event: 159.015 Thread 0x00bd6800 nmethod 765 0x025af508 code [0x025af670, 0x025afb04]
Event: 159.030 Thread 0x00bd6800  766             java.util.concurrent.ThreadPoolExecutor::workerCountOf (5 bytes)
Event: 159.030 Thread 0x00bd6800 nmethod 766 0x025afe08 code [0x025aff00, 0x025aff70]
Event: 159.030 Thread 0x00bd6800  767             java.util.concurrent.locks.AbstractQueuedSynchronizer$ConditionObject::signal (33 bytes)
Event: 159.030 Thread 0x00bd6800 nmethod 767 0x025affc8 code [0x025b00e0, 0x025b0214]
Event: 159.030 Thread 0x00bd6800  768             java.util.concurrent.locks.LockSupport::unpark (12 bytes)
Event: 159.030 Thread 0x00bd6800 nmethod 768 0x025b02c8 code [0x025b03c0, 0x025b044c]
Event: 159.082 Thread 0x00bd6800  769             sun.awt.shell.Win32ShellFolder2::isFileSystem (28 bytes)
Event: 159.082 Thread 0x00bd6800 nmethod 769 0x025b04c8 code [0x025b05e0, 0x025b079c]

GC Heap History (10 events):
Event: 0.436 GC heap before
{Heap before GC invocations=0 (full 0):
 def new generation   total 4928K, used 4051K [0x24800000, 0x24d50000, 0x29d50000)
  eden space 4416K,  91% used [0x24800000, 0x24bf4eb0, 0x24c50000)
  from space 512K,   0% used [0x24c50000, 0x24c50000, 0x24cd0000)
  to   space 512K,   0% used [0x24cd0000, 0x24cd0000, 0x24d50000)
 tenured generation   total 10944K, used 0K [0x29d50000, 0x2a800000, 0x34800000)
   the space 10944K,   0% used [0x29d50000, 0x29d50000, 0x29d50200, 0x2a800000)
 compacting perm gen  total 12288K, used 1017K [0x34800000, 0x35400000, 0x38800000)
   the space 12288K,   8% used [0x34800000, 0x348fe740, 0x348fe800, 0x35400000)
    ro space 10240K,  44% used [0x38800000, 0x38c7d3a8, 0x38c7d400, 0x39200000)
    rw space 12288K,  52% used [0x39200000, 0x39849a18, 0x39849c00, 0x39e00000)
Event: 0.439 GC heap after
Heap after GC invocations=1 (full 0):
 def new generation   total 4928K, used 512K [0x24800000, 0x24d50000, 0x29d50000)
  eden space 4416K,   0% used [0x24800000, 0x24800000, 0x24c50000)
  from space 512K, 100% used [0x24cd0000, 0x24d50000, 0x24d50000)
  to   space 512K,   0% used [0x24c50000, 0x24c50000, 0x24cd0000)
 tenured generation   total 10944K, used 707K [0x29d50000, 0x2a800000, 0x34800000)
   the space 10944K,   6% used [0x29d50000, 0x29e00d40, 0x29e00e00, 0x2a800000)
 compacting perm gen  total 12288K, used 1017K [0x34800000, 0x35400000, 0x38800000)
   the space 12288K,   8% used [0x34800000, 0x348fe740, 0x348fe800, 0x35400000)
    ro space 10240K,  44% used [0x38800000, 0x38c7d3a8, 0x38c7d400, 0x39200000)
    rw space 12288K,  52% used [0x39200000, 0x39849a18, 0x39849c00, 0x39e00000)
}
Event: 0.538 GC heap before
{Heap before GC invocations=1 (full 0):
 def new generation   total 4928K, used 4627K [0x24800000, 0x24d50000, 0x29d50000)
  eden space 4416K,  93% used [0x24800000, 0x24c04db8, 0x24c50000)
  from space 512K, 100% used [0x24cd0000, 0x24d50000, 0x24d50000)
  to   space 512K,   0% used [0x24c50000, 0x24c50000, 0x24cd0000)
 tenured generation   total 10944K, used 707K [0x29d50000, 0x2a800000, 0x34800000)
   the space 10944K,   6% used [0x29d50000, 0x29e00d40, 0x29e00e00, 0x2a800000)
 compacting perm gen  total 12288K, used 1449K [0x34800000, 0x35400000, 0x38800000)
   the space 12288K,  11% used [0x34800000, 0x3496a680, 0x3496a800, 0x35400000)
    ro space 10240K,  44% used [0x38800000, 0x38c7d3a8, 0x38c7d400, 0x39200000)
    rw space 12288K,  52% used [0x39200000, 0x39849a18, 0x39849c00, 0x39e00000)
Event: 0.543 GC heap after
Heap after GC invocations=2 (full 0):
 def new generation   total 4928K, used 512K [0x24800000, 0x24d50000, 0x29d50000)
  eden space 4416K,   0% used [0x24800000, 0x24800000, 0x24c50000)
  from space 512K, 100% used [0x24c50000, 0x24cd0000, 0x24cd0000)
  to   space 512K,   0% used [0x24cd0000, 0x24cd0000, 0x24d50000)
 tenured generation   total 10944K, used 1969K [0x29d50000, 0x2a800000, 0x34800000)
   the space 10944K,  17% used [0x29d50000, 0x29f3c4a0, 0x29f3c600, 0x2a800000)
 compacting perm gen  total 12288K, used 1449K [0x34800000, 0x35400000, 0x38800000)
   the space 12288K,  11% used [0x34800000, 0x3496a680, 0x3496a800, 0x35400000)
    ro space 10240K,  44% used [0x38800000, 0x38c7d3a8, 0x38c7d400, 0x39200000)
    rw space 12288K,  52% used [0x39200000, 0x39849a18, 0x39849c00, 0x39e00000)
}
Event: 8.105 GC heap before
{Heap before GC invocations=2 (full 0):
 def new generation   total 4928K, used 4928K [0x24800000, 0x24d50000, 0x29d50000)
  eden space 4416K, 100% used [0x24800000, 0x24c50000, 0x24c50000)
  from space 512K, 100% used [0x24c50000, 0x24cd0000, 0x24cd0000)
  to   space 512K,   0% used [0x24cd0000, 0x24cd0000, 0x24d50000)
 tenured generation   total 10944K, used 1969K [0x29d50000, 0x2a800000, 0x34800000)
   the space 10944K,  17% used [0x29d50000, 0x29f3c4a0, 0x29f3c600, 0x2a800000)
 compacting perm gen  total 12288K, used 1808K [0x34800000, 0x35400000, 0x38800000)
   the space 12288K,  14% used [0x34800000, 0x349c41e8, 0x349c4200, 0x35400000)
    ro space 10240K,  44% used [0x38800000, 0x38c7d3a8, 0x38c7d400, 0x39200000)
    rw space 12288K,  52% used [0x39200000, 0x39849a18, 0x39849c00, 0x39e00000)
Event: 8.108 GC heap after
Heap after GC invocations=3 (full 0):
 def new generation   total 4928K, used 212K [0x24800000, 0x24d50000, 0x29d50000)
  eden space 4416K,   0% used [0x24800000, 0x24800000, 0x24c50000)
  from space 512K,  41% used [0x24cd0000, 0x24d05340, 0x24d50000)
  to   space 512K,   0% used [0x24c50000, 0x24c50000, 0x24cd0000)
 tenured generation   total 10944K, used 3755K [0x29d50000, 0x2a800000, 0x34800000)
   the space 10944K,  34% used [0x29d50000, 0x2a0fac18, 0x2a0fae00, 0x2a800000)
 compacting perm gen  total 12288K, used 1808K [0x34800000, 0x35400000, 0x38800000)
   the space 12288K,  14% used [0x34800000, 0x349c41e8, 0x349c4200, 0x35400000)
    ro space 10240K,  44% used [0x38800000, 0x38c7d3a8, 0x38c7d400, 0x39200000)
    rw space 12288K,  52% used [0x39200000, 0x39849a18, 0x39849c00, 0x39e00000)
}
Event: 12.449 GC heap before
{Heap before GC invocations=3 (full 0):
 def new generation   total 4928K, used 4628K [0x24800000, 0x24d50000, 0x29d50000)
  eden space 4416K, 100% used [0x24800000, 0x24c50000, 0x24c50000)
  from space 512K,  41% used [0x24cd0000, 0x24d05340, 0x24d50000)
  to   space 512K,   0% used [0x24c50000, 0x24c50000, 0x24cd0000)
 tenured generation   total 10944K, used 3755K [0x29d50000, 0x2a800000, 0x34800000)
   the space 10944K,  34% used [0x29d50000, 0x2a0fac18, 0x2a0fae00, 0x2a800000)
 compacting perm gen  total 12288K, used 2185K [0x34800000, 0x35400000, 0x38800000)
   the space 12288K,  17% used [0x34800000, 0x34a224f0, 0x34a22600, 0x35400000)
    ro space 10240K,  44% used [0x38800000, 0x38c7d3a8, 0x38c7d400, 0x39200000)
    rw space 12288K,  52% used [0x39200000, 0x39849a18, 0x39849c00, 0x39e00000)
Event: 12.453 GC heap after
Heap after GC invocations=4 (full 0):
 def new generation   total 4928K, used 512K [0x24800000, 0x24d50000, 0x29d50000)
  eden space 4416K,   0% used [0x24800000, 0x24800000, 0x24c50000)
  from space 512K, 100% used [0x24c50000, 0x24cd0000, 0x24cd0000)
  to   space 512K,   0% used [0x24cd0000, 0x24cd0000, 0x24d50000)
 tenured generation   total 10944K, used 5746K [0x29d50000, 0x2a800000, 0x34800000)
   the space 10944K,  52% used [0x29d50000, 0x2a2ec978, 0x2a2eca00, 0x2a800000)
 compacting perm gen  total 12288K, used 2185K [0x34800000, 0x35400000, 0x38800000)
   the space 12288K,  17% used [0x34800000, 0x34a224f0, 0x34a22600, 0x35400000)
    ro space 10240K,  44% used [0x38800000, 0x38c7d3a8, 0x38c7d400, 0x39200000)
    rw space 12288K,  52% used [0x39200000, 0x39849a18, 0x39849c00, 0x39e00000)
}
Event: 46.403 GC heap before
{Heap before GC invocations=4 (full 0):
 def new generation   total 4928K, used 4763K [0x24800000, 0x24d50000, 0x29d50000)
  eden space 4416K,  96% used [0x24800000, 0x24c26fd0, 0x24c50000)
  from space 512K, 100% used [0x24c50000, 0x24cd0000, 0x24cd0000)
  to   space 512K,   0% used [0x24cd0000, 0x24cd0000, 0x24d50000)
 tenured generation   total 10944K, used 5746K [0x29d50000, 0x2a800000, 0x34800000)
   the space 10944K,  52% used [0x29d50000, 0x2a2ec978, 0x2a2eca00, 0x2a800000)
 compacting perm gen  total 12288K, used 2434K [0x34800000, 0x35400000, 0x38800000)
   the space 12288K,  19% used [0x34800000, 0x34a609c0, 0x34a60a00, 0x35400000)
    ro space 10240K,  44% used [0x38800000, 0x38c7d3a8, 0x38c7d400, 0x39200000)
    rw space 12288K,  52% used [0x39200000, 0x39849a18, 0x39849c00, 0x39e00000)
Event: 46.407 GC heap after
Heap after GC invocations=5 (full 0):
 def new generation   total 4928K, used 313K [0x24800000, 0x24d50000, 0x29d50000)
  eden space 4416K,   0% used [0x24800000, 0x24800000, 0x24c50000)
  from space 512K,  61% used [0x24cd0000, 0x24d1e798, 0x24d50000)
  to   space 512K,   0% used [0x24c50000, 0x24c50000, 0x24cd0000)
 tenured generation   total 10944K, used 7108K [0x29d50000, 0x2a800000, 0x34800000)
   the space 10944K,  64% used [0x29d50000, 0x2a441080, 0x2a441200, 0x2a800000)
 compacting perm gen  total 12288K, used 2434K [0x34800000, 0x35400000, 0x38800000)
   the space 12288K,  19% used [0x34800000, 0x34a609c0, 0x34a60a00, 0x35400000)
    ro space 10240K,  44% used [0x38800000, 0x38c7d3a8, 0x38c7d400, 0x39200000)
    rw space 12288K,  52% used [0x39200000, 0x39849a18, 0x39849c00, 0x39e00000)
}

Deoptimization events (0 events):
No events

Internal exceptions (10 events):
Event: 14.262 Thread 0x048cec00 Threw 0x24891710 at C:\re\jdk7u80\2329\hotspot\src\share\vm\prims\jvm.cpp:1319
Event: 14.263 Thread 0x048cec00 Threw 0x24897148 at C:\re\jdk7u80\2329\hotspot\src\share\vm\prims\jvm.cpp:1319
Event: 14.263 Thread 0x048cec00 Threw 0x2489c9c0 at C:\re\jdk7u80\2329\hotspot\src\share\vm\prims\jvm.cpp:1319
Event: 14.263 Thread 0x048cec00 Threw 0x248a2268 at C:\re\jdk7u80\2329\hotspot\src\share\vm\prims\jvm.cpp:1319
Event: 14.264 Thread 0x048cec00 Threw 0x248a7b78 at C:\re\jdk7u80\2329\hotspot\src\share\vm\prims\jvm.cpp:1319
Event: 14.264 Thread 0x048cec00 Threw 0x248ad6d8 at C:\re\jdk7u80\2329\hotspot\src\share\vm\prims\jvm.cpp:1319
Event: 14.265 Thread 0x048cec00 Threw 0x248b3950 at C:\re\jdk7u80\2329\hotspot\src\share\vm\prims\jvm.cpp:1319
Event: 14.265 Thread 0x048cec00 Threw 0x248b9658 at C:\re\jdk7u80\2329\hotspot\src\share\vm\prims\jvm.cpp:1319
Event: 14.266 Thread 0x048cec00 Threw 0x248beea0 at C:\re\jdk7u80\2329\hotspot\src\share\vm\prims\jvm.cpp:1319
Event: 14.266 Thread 0x048cec00 Threw 0x248c4720 at C:\re\jdk7u80\2329\hotspot\src\share\vm\prims\jvm.cpp:1319

Events (10 events):
Event: 158.850 loading class 0x04a63890
Event: 158.851 loading class 0x04a63890 done
Event: 158.871 loading class 0x39e45648
Event: 158.871 loading class 0x39e45648 done
Event: 159.007 loading class 0x04a637d0
Event: 159.007 loading class 0x04a637d0 done
Event: 159.007 loading class 0x04a1a0b0
Event: 159.007 loading class 0x04a1a0b0 done
Event: 159.009 loading class 0x04a63680
Event: 159.009 loading class 0x04a63680 done


Dynamic libraries:
0x00fc0000 - 0x00fef000 	C:\Program Files (x86)\Java\jdk1.7.0_80\bin\java.exe
0x77240000 - 0x773ce000 	C:\WINDOWS\SYSTEM32\ntdll.dll
0x77030000 - 0x77100000 	C:\WINDOWS\System32\KERNEL32.DLL
0x679d0000 - 0x679ff000 	C:\Program Files (x86)\AVG\Antivirus\aswhookx.dll
0x763d0000 - 0x76592000 	C:\WINDOWS\System32\KERNELBASE.dll
0x67920000 - 0x679b3000 	C:\WINDOWS\SYSTEM32\apphelp.dll
0x761e0000 - 0x76257000 	C:\WINDOWS\System32\ADVAPI32.dll
0x75610000 - 0x756cd000 	C:\WINDOWS\System32\msvcrt.dll
0x76690000 - 0x766d1000 	C:\WINDOWS\System32\sechost.dll
0x75220000 - 0x752e0000 	C:\WINDOWS\System32\RPCRT4.dll
0x73d10000 - 0x73d30000 	C:\WINDOWS\System32\SspiCli.dll
0x73d00000 - 0x73d0a000 	C:\WINDOWS\System32\CRYPTBASE.dll
0x75410000 - 0x75467000 	C:\WINDOWS\System32\bcryptPrimitives.dll
0x77100000 - 0x7723c000 	C:\WINDOWS\System32\USER32.dll
0x73eb0000 - 0x73ec6000 	C:\WINDOWS\System32\win32u.dll
0x757b0000 - 0x757d1000 	C:\WINDOWS\System32\GDI32.dll
0x76270000 - 0x763c8000 	C:\WINDOWS\System32\gdi32full.dll
0x76610000 - 0x76689000 	C:\WINDOWS\System32\msvcp_win.dll
0x752e0000 - 0x753f8000 	C:\WINDOWS\System32\ucrtbase.dll
0x709a0000 - 0x70bae000 	C:\WINDOWS\WinSxS\x86_microsoft.windows.common-controls_6595b64144ccf1df_6.0.15063.483_none_6dad63fefc436da8\COMCTL32.dll
0x76920000 - 0x76b58000 	C:\WINDOWS\System32\combase.dll
0x75b00000 - 0x75b25000 	C:\WINDOWS\System32\IMM32.DLL
0x78850000 - 0x7890f000 	C:\Program Files (x86)\Java\jdk1.7.0_80\jre\bin\msvcr100.dll
0x6ded0000 - 0x6e25b000 	C:\Program Files (x86)\Java\jdk1.7.0_80\jre\bin\client\jvm.dll
0x75400000 - 0x75406000 	C:\WINDOWS\System32\PSAPI.DLL
0x738b0000 - 0x738b8000 	C:\WINDOWS\SYSTEM32\WSOCK32.dll
0x765a0000 - 0x76607000 	C:\WINDOWS\System32\WS2_32.dll
0x71ef0000 - 0x71f14000 	C:\WINDOWS\SYSTEM32\WINMM.dll
0x71ec0000 - 0x71ee3000 	C:\WINDOWS\SYSTEM32\WINMMBASE.dll
0x758d0000 - 0x75909000 	C:\WINDOWS\System32\cfgmgr32.dll
0x6e640000 - 0x6e64c000 	C:\Program Files (x86)\Java\jdk1.7.0_80\jre\bin\verify.dll
0x6d430000 - 0x6d451000 	C:\Program Files (x86)\Java\jdk1.7.0_80\jre\bin\java.dll
0x6e750000 - 0x6e763000 	C:\Program Files (x86)\Java\jdk1.7.0_80\jre\bin\zip.dll
0x6d680000 - 0x6d694000 	C:\Program Files (x86)\Java\jdk1.7.0_80\jre\bin\net.dll
0x702c0000 - 0x7030e000 	C:\WINDOWS\system32\mswsock.dll
0x6d6d0000 - 0x6d6df000 	C:\Program Files (x86)\Java\jdk1.7.0_80\jre\bin\nio.dll
0x6c4a0000 - 0x6c5e3000 	C:\Program Files (x86)\Java\jdk1.7.0_80\jre\bin\awt.dll
0x766e0000 - 0x76776000 	C:\WINDOWS\System32\OLEAUT32.dll
0x72f40000 - 0x72f63000 	C:\WINDOWS\system32\DWMAPI.DLL
0x72f70000 - 0x72fe8000 	C:\WINDOWS\system32\uxtheme.dll
0x759a0000 - 0x75ae6000 	C:\WINDOWS\System32\MSCTF.dll
0x75b50000 - 0x75c43000 	C:\WINDOWS\System32\ole32.dll
0x75af0000 - 0x75afe000 	C:\WINDOWS\System32\kernel.appcore.dll
0x73ed0000 - 0x75218000 	C:\WINDOWS\System32\SHELL32.dll
0x75840000 - 0x758cc000 	C:\WINDOWS\System32\shcore.dll
0x75c50000 - 0x761d7000 	C:\WINDOWS\System32\windows.storage.dll
0x76b60000 - 0x76ba5000 	C:\WINDOWS\System32\shlwapi.dll
0x75760000 - 0x757a5000 	C:\WINDOWS\System32\powrprof.dll
0x76260000 - 0x76270000 	C:\WINDOWS\System32\profapi.dll
0x6c8b0000 - 0x6c8e9000 	C:\Program Files (x86)\Java\jdk1.7.0_80\jre\bin\fontmanager.dll
0x67810000 - 0x67894000 	C:\WINDOWS\SYSTEM32\mscms.dll
0x72c80000 - 0x72ca2000 	C:\WINDOWS\SYSTEM32\USERENV.dll
0x5ddd0000 - 0x5de0d000 	C:\WINDOWS\SYSTEM32\icm32.dll
0x67540000 - 0x67610000 	C:\Program Files (x86)\Java\jdk1.7.0_80\bin\jnotify.dll
0x6e5c0000 - 0x6e5f0000 	C:\Program Files (x86)\Java\jdk1.7.0_80\jre\bin\t2k.dll
0x06030000 - 0x06097000 	C:\WINDOWS\System32\TextInputFramework.dll
0x0f7a0000 - 0x0f9c7000 	C:\WINDOWS\System32\CoreUIComponents.dll
0x0fe70000 - 0x0feff000 	C:\WINDOWS\System32\CoreMessaging.dll
0x71e90000 - 0x71eb8000 	C:\WINDOWS\SYSTEM32\ntmarta.dll
0x647c0000 - 0x64891000 	C:\WINDOWS\SYSTEM32\wintypes.dll
0x55090000 - 0x550a0000 	C:\WINDOWS\SYSTEM32\usermgrcli.dll
0x75910000 - 0x75993000 	C:\WINDOWS\System32\clbcatq.dll
0x61530000 - 0x616a2000 	C:\WINDOWS\SYSTEM32\WindowsCodecs.dll
0x5a000000 - 0x5a043000 	C:\WINDOWS\system32\dataexchange.dll
0x704e0000 - 0x70732000 	C:\WINDOWS\system32\d3d11.dll
0x59f10000 - 0x59ffb000 	C:\WINDOWS\system32\dcomp.dll
0x70410000 - 0x7049a000 	C:\WINDOWS\system32\dxgi.dll
0x64680000 - 0x647b6000 	C:\WINDOWS\system32\twinapi.appcore.dll
0x72bd0000 - 0x72be8000 	C:\WINDOWS\system32\bcrypt.dll
0x6c9b0000 - 0x6c9be000 	C:\Program Files (x86)\Java\jdk1.7.0_80\jre\bin\JdbcOdbc.dll
0x0f5f0000 - 0x0f68a000 	C:\WINDOWS\SYSTEM32\ODBC32.dll
0x6a1f0000 - 0x6a1f8000 	C:\WINDOWS\SYSTEM32\DPAPI.dll
0x0ffa0000 - 0x0ffc0000 	C:\WINDOWS\system32\odbccp32.dll
0x73960000 - 0x73968000 	C:\WINDOWS\SYSTEM32\VERSION.dll
0x0f6c0000 - 0x0f70c000 	C:\Windows\System32\msjtes40.dll
0x0b390000 - 0x0b39b000 	C:\WINDOWS\SYSTEM32\VBAJET32.DLL
0x0b3a0000 - 0x0b402000 	C:\WINDOWS\SYSTEM32\expsrv.dll
0x71f40000 - 0x71fce000 	C:\WINDOWS\WinSxS\x86_microsoft.windows.common-controls_6595b64144ccf1df_5.82.15063.413_none_55bc94a37c2a2854\comctl32.dll
0x657c0000 - 0x65924000 	C:\WINDOWS\system32\propsys.dll
0x0f3f0000 - 0x0f514000 	C:\WINDOWS\system32\NetworkExplorer.dll
0x64400000 - 0x64678000 	C:\Windows\System32\OneCoreUAPCommonProxyStub.dll
0x613f0000 - 0x61437000 	C:\Windows\System32\thumbcache.dll
0x610b0000 - 0x61114000 	C:\WINDOWS\SYSTEM32\policymanager.dll
0x61040000 - 0x610a6000 	C:\WINDOWS\SYSTEM32\msvcp110_win.dll
0x6ab70000 - 0x6ab86000 	C:\WINDOWS\SYSTEM32\MPR.dll
0x0fb60000 - 0x0fb69000 	C:\WINDOWS\System32\drprov.dll
0x72ef0000 - 0x72f32000 	C:\WINDOWS\System32\WINSTA.dll
0x4b360000 - 0x4b372000 	C:\WINDOWS\System32\ntlanman.dll
0x0fac0000 - 0x0fada000 	C:\WINDOWS\System32\davclnt.dll
0x0fb50000 - 0x0fb5a000 	C:\WINDOWS\System32\DAVHLPR.dll
0x70310000 - 0x70320000 	C:\WINDOWS\System32\wkscli.dll
0x617a0000 - 0x617af000 	C:\WINDOWS\SYSTEM32\cscapi.dll
0x72800000 - 0x7280b000 	C:\WINDOWS\System32\netutils.dll
0x0f290000 - 0x0f2d0000 	C:\Windows\System32\dlnashext.dll
0x0f0f0000 - 0x0f146000 	C:\Windows\System32\PlayToDevice.dll
0x07530000 - 0x0754a000 	C:\Windows\System32\DevDispItemProvider.dll
0x66c40000 - 0x66c99000 	C:\WINDOWS\System32\MMDevApi.dll
0x6a370000 - 0x6a392000 	C:\WINDOWS\System32\DEVOBJ.dll
0x730d0000 - 0x730ff000 	C:\WINDOWS\SYSTEM32\IPHLPAPI.DLL
0x768f0000 - 0x768f7000 	C:\WINDOWS\System32\NSI.dll
0x6f9f0000 - 0x6fa03000 	C:\WINDOWS\SYSTEM32\dhcpcsvc6.DLL
0x6f890000 - 0x6f8a4000 	C:\WINDOWS\SYSTEM32\dhcpcsvc.DLL
0x70240000 - 0x70248000 	C:\WINDOWS\SYSTEM32\WINNSI.DLL
0x62720000 - 0x6274c000 	C:\WINDOWS\System32\netprofm.dll
0x69e80000 - 0x69e89000 	C:\WINDOWS\System32\npmproxy.dll
0x3f220000 - 0x3f3f2000 	C:\WINDOWS\system32\wpdshext.dll
0x6d790000 - 0x6d8f6000 	C:\WINDOWS\WinSxS\x86_microsoft.windows.gdiplus_6595b64144ccf1df_1.1.15063.608_none_9e9d5d4256d15def\gdiplus.dll
0x07740000 - 0x077c3000 	C:\Windows\System32\PortableDeviceApi.dll
0x76bb0000 - 0x76fca000 	C:\WINDOWS\System32\SETUPAPI.dll
0x75560000 - 0x755a4000 	C:\WINDOWS\System32\WINTRUST.dll
0x75b40000 - 0x75b4e000 	C:\WINDOWS\System32\MSASN1.dll
0x73d30000 - 0x73ead000 	C:\WINDOWS\System32\CRYPT32.dll
0x3f480000 - 0x3f4c1000 	C:\WINDOWS\system32\audiodev.dll
0x077d0000 - 0x079e7000 	C:\WINDOWS\system32\WMVCore.DLL
0x0fc00000 - 0x0fd07000 	C:\WINDOWS\system32\mfperfhelper.dll
0x079f0000 - 0x07a2f000 	C:\WINDOWS\system32\WMASF.DLL
0x07a40000 - 0x07ba5000 	C:\WINDOWS\SYSTEM32\MFPlat.DLL
0x0f170000 - 0x0f19a000 	C:\WINDOWS\SYSTEM32\RTWorkQ.DLL
0x66ac0000 - 0x66acd000 	C:\WINDOWS\SYSTEM32\LINKINFO.dll
0x708e0000 - 0x708ea000 	C:\WINDOWS\SYSTEM32\Secur32.dll
0x72d90000 - 0x72eed000 	C:\WINDOWS\SYSTEM32\dbghelp.dll

VM Arguments:
jvm_args: -Dfile.encoding=UTF-8 -Dsun.awt.nopixfmt=true 
java_command: elemento.Elemento
Launcher Type: SUN_STANDARD

Environment Variables:
PATH=C:\ProgramData\Oracle\Java\javapath;C:\Program Files (x86)\Common Files\Intel\Shared Files\cpp\bin\Intel64;C:\Program Files (x86)\Business Objects\Common\3.5\bin\NOTES\;C:\Program Files (x86)\Business Objects\Common\3.5\bin\NOTES\DATA\;C:\Program Files (x86)\Intel\iCLS Client\;C:\Program Files\Intel\iCLS Client\;C:\WINDOWS\system32;C:\WINDOWS;C:\WINDOWS\System32\Wbem;C:\WINDOWS\System32\WindowsPowerShell\v1.0\;C:\Program Files\Intel\Intel(R) Management Engine Components\DAL;C:\Program Files (x86)\Intel\Intel(R) Management Engine Components\DAL;C:\Program Files\Intel\Intel(R) Management Engine Components\IPT;C:\Program Files (x86)\Intel\Intel(R) Management Engine Components\IPT;C:\Program Files (x86)\MySQL\MySQL Fabric 1.5.4 & MySQL Utilities 1.5.4 1.5\;C:\Program Files (x86)\MySQL\MySQL Fabric 1.5.4 & MySQL Utilities 1.5.4 1.5\Doctrine extensions for PHP\;C:\Program Files (x86)\Microsoft SQL Server\100\Tools\Binn\VSShell\Common7\IDE\;C:\Program Files (x86)\Microsoft SQL Server\100\Tools\Binn\;C:\Program Files\Microsoft SQL Server\100\Tools\Binn\;C:\Program Files (x86)\Microsoft SQL Server\100\DTS\Binn\;C:\Program Files (x86)\Skype\Phone\;C:\Program Files (x86)\Microsoft SQL Server\110\Tools\Binn\ManagementStudio\;C:\Program Files (x86)\Microsoft SQL Server\110\Tools\Binn\;C:\Program Files\Microsoft SQL Server\110\Tools\Binn\;C:\Program Files (x86)\Microsoft SQL Server\110\DTS\Binn\;C:\Program Files\Microsoft SQL Server\100\DTS\Binn\;C:\Program Files\nodejs\;C:\Program Files\Git\cmd;C:\Program Files (x86)\Windows Kits\8.1\Windows Performance Toolkit\;C:\Program Files\Redis\;C:\Program Files\Intel\WiFi\bin\;C:\Program Files\Common Files\Intel\WirelessCommon\;C:\Program Files (x86)\Jar2Exe Wizard\;C:\Users\JoséAbelardo\AppData\Local\Microsoft\WindowsApps;C:\Users\JoséAbelardo\AppData\Roaming\npm;C:\Program Files\Intel\WiFi\bin\;C:\Program Files\Common Files\Intel\WirelessCommon\
USERNAME=JoséAbelardo
OS=Windows_NT
PROCESSOR_IDENTIFIER=Intel64 Family 6 Model 142 Stepping 9, GenuineIntel



---------------  S Y S T E M  ---------------

OS: Windows 8.1 , 64 bit Build 9600 

CPU:total 4 (2 cores per cpu, 2 threads per core) family 6 model 142 stepping 9, cmov, cx8, fxsr, mmx, sse, sse2, sse3, ssse3, sse4.1, sse4.2, popcnt, avx, avx2, aes, erms, ht, tsc, tscinvbit

Memory: 4k page, physical 16673408k(8749064k free), swap 16673408k(6778540k free)

vm_info: Java HotSpot(TM) Client VM (24.80-b11) for windows-x86 JRE (1.7.0_80-b15), built on Apr 10 2015 13:33:35 by "java_re" with unknown MS VC++:1600

time: Tue Dec 26 20:41:35 2017
elapsed time: 159 seconds

