#
# A fatal error has been detected by the Java Runtime Environment:
#
#  EXCEPTION_ACCESS_VIOLATION (0xc0000005) at pc=0x783c21f4, pid=10568, tid=1704
#
# JRE version: Java(TM) SE Runtime Environment (7.0_80-b15) (build 1.7.0_80-b15)
# Java VM: Java HotSpot(TM) Client VM (24.80-b11 mixed mode, sharing windows-x86 )
# Problematic frame:
# C  [msvcr100.dll+0x121f4]
#
# Failed to write core dump. Minidumps are not enabled by default on client versions of Windows
#
# If you would like to submit a bug report, please visit:
#   http://bugreport.java.com/bugreport/crash.jsp
# The crash happened outside the Java Virtual Machine in native code.
# See problematic frame for where to report the bug.
#

---------------  T H R E A D  ---------------

Current thread (0x04880800):  JavaThread "Swing-Shell" daemon [_thread_in_native, id=1704, stack(0x06e80000,0x06ed0000)]

siginfo: ExceptionCode=0xc0000005, reading address 0x00000000

Registers:
EAX=0x00000000, EBX=0x34a53a88, ECX=0xd2e3ee7d, EDX=0x00644cf8
ESP=0x06ecf470, EBP=0x06ecf470, ESI=0x06ecf490, EDI=0x04880930
EIP=0x783c21f4, EFLAGS=0x00010246

Top of Stack: (sp=0x06ecf470)
0x06ecf470:   06ecf598 6c57eac6 00000000 34a53a88
0x06ecf480:   6c57f25d 00652570 04880800 34a53a88
0x06ecf490:   00000000 00000000 00000024 00000001
0x06ecf4a0:   00000000 00000000 00000000 00000000
0x06ecf4b0:   00000000 00000000 00000000 049cefb8
0x06ecf4c0:   04880800 06ecf4f8 6df21713 04880800
0x06ecf4d0:   39d42eee 04c10278 04880800 04867358
0x06ecf4e0:   06ecf4d0 06ecf524 06ecf884 6e1b787e 

Instructions: (pc=0x783c21f4)
0x783c21d4:   48 46 78 00 0f 84 bd 20 00 00 6a 00 ff 75 08 e8
0x783c21e4:   8a 22 00 00 59 59 5d c3 8b ff 55 8b ec 8b 45 08
0x783c21f4:   66 8b 08 83 c0 02 66 85 c9 75 f5 2b 45 08 d1 f8
0x783c2204:   48 5d c3 8b ff 55 8b ec 51 53 56 8b 75 08 f6 46 


Register to memory mapping:

EAX=0x00000000 is an unknown value
EBX=0x34a53a88 is an oop
{method} 
 - klass: {other class}
ECX=0xd2e3ee7d is an unknown value
EDX=0x00644cf8 is an unknown value
ESP=0x06ecf470 is pointing into the stack for thread: 0x04880800
EBP=0x06ecf470 is pointing into the stack for thread: 0x04880800
ESI=0x06ecf490 is pointing into the stack for thread: 0x04880800
EDI=0x04880930 is an unknown value


Stack: [0x06e80000,0x06ed0000],  sp=0x06ecf470,  free space=317k
Native frames: (J=compiled Java code, j=interpreted, Vv=VM code, C=native code)
C  [msvcr100.dll+0x121f4]
C  [awt.dll+0xaeac6]
j  sun.awt.shell.Win32ShellFolder2.getDisplayNameOf(JJI)Ljava/lang/String;+0
j  sun.awt.shell.Win32ShellFolder2.access$1600(JJI)Ljava/lang/String;+4
j  sun.awt.shell.Win32ShellFolder2$13.call()Ljava/lang/String;+15
j  sun.awt.shell.Win32ShellFolder2$13.call()Ljava/lang/Object;+1
j  java.util.concurrent.FutureTask.run()V+42
j  java.util.concurrent.ThreadPoolExecutor.runWorker(Ljava/util/concurrent/ThreadPoolExecutor$Worker;)V+95
j  java.util.concurrent.ThreadPoolExecutor$Worker.run()V+5
j  sun.awt.shell.Win32ShellFolderManager2$ComInvoker$3.run()V+7
j  java.lang.Thread.run()V+11
v  ~StubRoutines::call_stub
V  [jvm.dll+0x1429aa]
V  [jvm.dll+0x20743e]
V  [jvm.dll+0x142b75]
V  [jvm.dll+0x142bd7]
V  [jvm.dll+0xed5cf]
V  [jvm.dll+0x163c4c]
V  [jvm.dll+0x1646a7]
V  [jvm.dll+0x1a92f9]
C  [msvcr100.dll+0x5c556]
C  [msvcr100.dll+0x5c600]
C  [KERNEL32.DLL+0x18744]
C  [ntdll.dll+0x6582d]
C  [ntdll.dll+0x657fd]

Java frames: (J=compiled Java code, j=interpreted, Vv=VM code)
j  sun.awt.shell.Win32ShellFolder2.getDisplayNameOf(JJI)Ljava/lang/String;+0
j  sun.awt.shell.Win32ShellFolder2.access$1600(JJI)Ljava/lang/String;+4
j  sun.awt.shell.Win32ShellFolder2$13.call()Ljava/lang/String;+15
j  sun.awt.shell.Win32ShellFolder2$13.call()Ljava/lang/Object;+1
j  java.util.concurrent.FutureTask.run()V+42
j  java.util.concurrent.ThreadPoolExecutor.runWorker(Ljava/util/concurrent/ThreadPoolExecutor$Worker;)V+95
j  java.util.concurrent.ThreadPoolExecutor$Worker.run()V+5
j  sun.awt.shell.Win32ShellFolderManager2$ComInvoker$3.run()V+7
j  java.lang.Thread.run()V+11
v  ~StubRoutines::call_stub

---------------  P R O C E S S  ---------------

Java Threads: ( => current thread )
=>0x04880800 JavaThread "Swing-Shell" daemon [_thread_in_native, id=1704, stack(0x06e80000,0x06ed0000)]
  0x0487e000 JavaThread "Image Fetcher 0" daemon [_thread_blocked, id=12272, stack(0x05a60000,0x05ab0000)]
  0x04c32800 JavaThread "TimerQueue" daemon [_thread_blocked, id=11364, stack(0x06a00000,0x06a50000)]
  0x00e3d800 JavaThread "DestroyJavaVM" [_thread_blocked, id=14536, stack(0x00810000,0x00860000)]
  0x049cf800 JavaThread "Thread-3" [_thread_blocked, id=9584, stack(0x05f40000,0x05f90000)]
  0x049c2800 JavaThread "Thread-2" [_thread_in_native, id=11084, stack(0x05eb0000,0x05f00000)]
  0x04aa8c00 JavaThread "AWT-EventQueue-0" [_thread_blocked, id=232, stack(0x059c0000,0x05a10000)]
  0x04a97800 JavaThread "AWT-Windows" daemon [_thread_in_native, id=224, stack(0x050c0000,0x05110000)]
  0x04a96c00 JavaThread "AWT-Shutdown" [_thread_blocked, id=3116, stack(0x04fe0000,0x05030000)]
  0x04a96800 JavaThread "Java2D Disposer" daemon [_thread_blocked, id=2952, stack(0x04f50000,0x04fa0000)]
  0x00d68000 JavaThread "Service Thread" daemon [_thread_blocked, id=3236, stack(0x04720000,0x04770000)]
  0x00d66800 JavaThread "C1 CompilerThread0" daemon [_thread_blocked, id=8296, stack(0x01240000,0x01290000)]
  0x00d65800 JavaThread "Attach Listener" daemon [_thread_blocked, id=16208, stack(0x011b0000,0x01200000)]
  0x00d63400 JavaThread "Signal Dispatcher" daemon [_thread_blocked, id=9940, stack(0x01120000,0x01170000)]
  0x00cf2800 JavaThread "Finalizer" daemon [_thread_blocked, id=2432, stack(0x01090000,0x010e0000)]
  0x00cf0c00 JavaThread "Reference Handler" daemon [_thread_blocked, id=2424, stack(0x01000000,0x01050000)]

Other Threads:
  0x00cef400 VMThread [stack: 0x00f70000,0x00fc0000] [id=824]
  0x00d73c00 WatcherThread [stack: 0x047b0000,0x04800000] [id=15848]

VM state:not at safepoint (normal execution)

VM Mutex/Monitor currently owned by a thread: None

Heap
 def new generation   total 4928K, used 3820K [0x24800000, 0x24d50000, 0x29d50000)
  eden space 4416K,  79% used [0x24800000, 0x24b69680, 0x24c50000)
  from space 512K,  63% used [0x24cd0000, 0x24d21990, 0x24d50000)
  to   space 512K,   0% used [0x24c50000, 0x24c50000, 0x24cd0000)
 tenured generation   total 10944K, used 6045K [0x29d50000, 0x2a800000, 0x34800000)
   the space 10944K,  55% used [0x29d50000, 0x2a3374f8, 0x2a337600, 0x2a800000)
 compacting perm gen  total 12288K, used 3498K [0x34800000, 0x35400000, 0x38800000)
   the space 12288K,  28% used [0x34800000, 0x34b6a928, 0x34b6aa00, 0x35400000)
    ro space 10240K,  44% used [0x38800000, 0x38c7d3a8, 0x38c7d400, 0x39200000)
    rw space 12288K,  52% used [0x39200000, 0x39849a18, 0x39849c00, 0x39e00000)

Card table byte_map: [0x00ec0000,0x00f70000] byte_map_base: 0x00d9c000

Polling page: 0x005f0000

Code Cache  [0x026e0000, 0x02890000, 0x046e0000)
 total_blobs=965 nmethods=714 adapters=187 free_code_cache=31062Kb largest_free_block=31807488

Compilation events (10 events):
Event: 30.139 Thread 0x00d66800  715             java.util.concurrent.ThreadPoolExecutor::workerCountOf (5 bytes)
Event: 30.139 Thread 0x00d66800 nmethod 715 0x02889748 code [0x02889840, 0x028898b0]
Event: 30.143 Thread 0x00d66800  716             java.util.concurrent.locks.AbstractQueuedSynchronizer$ConditionObject::signal (33 bytes)
Event: 30.143 Thread 0x00d66800 nmethod 716 0x02889908 code [0x02889a20, 0x02889b54]
Event: 30.144 Thread 0x00d66800  717             java.lang.Boolean::valueOf (14 bytes)
Event: 30.144 Thread 0x00d66800 nmethod 717 0x02889c08 code [0x02889d00, 0x02889d80]
Event: 30.150 Thread 0x00d66800  718   !         sun.swing.SwingUtilities2::stringWidth (108 bytes)
Event: 30.151 Thread 0x00d66800 nmethod 718 0x02889dc8 code [0x02889f50, 0x0288a2f0]
Event: 30.213 Thread 0x00d66800  719             java.util.concurrent.atomic.AtomicInteger::compareAndSet (13 bytes)
Event: 30.213 Thread 0x00d66800 nmethod 719 0x0288a608 code [0x0288a700, 0x0288a7a0]

GC Heap History (10 events):
Event: 0.185 GC heap before
{Heap before GC invocations=0 (full 0):
 def new generation   total 4928K, used 4052K [0x24800000, 0x24d50000, 0x29d50000)
  eden space 4416K,  91% used [0x24800000, 0x24bf50e0, 0x24c50000)
  from space 512K,   0% used [0x24c50000, 0x24c50000, 0x24cd0000)
  to   space 512K,   0% used [0x24cd0000, 0x24cd0000, 0x24d50000)
 tenured generation   total 10944K, used 0K [0x29d50000, 0x2a800000, 0x34800000)
   the space 10944K,   0% used [0x29d50000, 0x29d50000, 0x29d50200, 0x2a800000)
 compacting perm gen  total 12288K, used 1017K [0x34800000, 0x35400000, 0x38800000)
   the space 12288K,   8% used [0x34800000, 0x348fe700, 0x348fe800, 0x35400000)
    ro space 10240K,  44% used [0x38800000, 0x38c7d3a8, 0x38c7d400, 0x39200000)
    rw space 12288K,  52% used [0x39200000, 0x39849a18, 0x39849c00, 0x39e00000)
Event: 0.189 GC heap after
Heap after GC invocations=1 (full 0):
 def new generation   total 4928K, used 512K [0x24800000, 0x24d50000, 0x29d50000)
  eden space 4416K,   0% used [0x24800000, 0x24800000, 0x24c50000)
  from space 512K, 100% used [0x24cd0000, 0x24d50000, 0x24d50000)
  to   space 512K,   0% used [0x24c50000, 0x24c50000, 0x24cd0000)
 tenured generation   total 10944K, used 707K [0x29d50000, 0x2a800000, 0x34800000)
   the space 10944K,   6% used [0x29d50000, 0x29e00d08, 0x29e00e00, 0x2a800000)
 compacting perm gen  total 12288K, used 1017K [0x34800000, 0x35400000, 0x38800000)
   the space 12288K,   8% used [0x34800000, 0x348fe700, 0x348fe800, 0x35400000)
    ro space 10240K,  44% used [0x38800000, 0x38c7d3a8, 0x38c7d400, 0x39200000)
    rw space 12288K,  52% used [0x39200000, 0x39849a18, 0x39849c00, 0x39e00000)
}
Event: 0.273 GC heap before
{Heap before GC invocations=1 (full 0):
 def new generation   total 4928K, used 4536K [0x24800000, 0x24d50000, 0x29d50000)
  eden space 4416K,  91% used [0x24800000, 0x24bee188, 0x24c50000)
  from space 512K, 100% used [0x24cd0000, 0x24d50000, 0x24d50000)
  to   space 512K,   0% used [0x24c50000, 0x24c50000, 0x24cd0000)
 tenured generation   total 10944K, used 707K [0x29d50000, 0x2a800000, 0x34800000)
   the space 10944K,   6% used [0x29d50000, 0x29e00d08, 0x29e00e00, 0x2a800000)
 compacting perm gen  total 12288K, used 1447K [0x34800000, 0x35400000, 0x38800000)
   the space 12288K,  11% used [0x34800000, 0x34969fe0, 0x3496a000, 0x35400000)
    ro space 10240K,  44% used [0x38800000, 0x38c7d3a8, 0x38c7d400, 0x39200000)
    rw space 12288K,  52% used [0x39200000, 0x39849a18, 0x39849c00, 0x39e00000)
Event: 0.277 GC heap after
Heap after GC invocations=2 (full 0):
 def new generation   total 4928K, used 512K [0x24800000, 0x24d50000, 0x29d50000)
  eden space 4416K,   0% used [0x24800000, 0x24800000, 0x24c50000)
  from space 512K, 100% used [0x24c50000, 0x24cd0000, 0x24cd0000)
  to   space 512K,   0% used [0x24cd0000, 0x24cd0000, 0x24d50000)
 tenured generation   total 10944K, used 1969K [0x29d50000, 0x2a800000, 0x34800000)
   the space 10944K,  17% used [0x29d50000, 0x29f3c648, 0x29f3c800, 0x2a800000)
 compacting perm gen  total 12288K, used 1447K [0x34800000, 0x35400000, 0x38800000)
   the space 12288K,  11% used [0x34800000, 0x34969fe0, 0x3496a000, 0x35400000)
    ro space 10240K,  44% used [0x38800000, 0x38c7d3a8, 0x38c7d400, 0x39200000)
    rw space 12288K,  52% used [0x39200000, 0x39849a18, 0x39849c00, 0x39e00000)
}
Event: 3.698 GC heap before
{Heap before GC invocations=2 (full 0):
 def new generation   total 4928K, used 4928K [0x24800000, 0x24d50000, 0x29d50000)
  eden space 4416K, 100% used [0x24800000, 0x24c50000, 0x24c50000)
  from space 512K, 100% used [0x24c50000, 0x24cd0000, 0x24cd0000)
  to   space 512K,   0% used [0x24cd0000, 0x24cd0000, 0x24d50000)
 tenured generation   total 10944K, used 1969K [0x29d50000, 0x2a800000, 0x34800000)
   the space 10944K,  17% used [0x29d50000, 0x29f3c648, 0x29f3c800, 0x2a800000)
 compacting perm gen  total 12288K, used 1806K [0x34800000, 0x35400000, 0x38800000)
   the space 12288K,  14% used [0x34800000, 0x349c3aa8, 0x349c3c00, 0x35400000)
    ro space 10240K,  44% used [0x38800000, 0x38c7d3a8, 0x38c7d400, 0x39200000)
    rw space 12288K,  52% used [0x39200000, 0x39849a18, 0x39849c00, 0x39e00000)
Event: 3.702 GC heap after
Heap after GC invocations=3 (full 0):
 def new generation   total 4928K, used 414K [0x24800000, 0x24d50000, 0x29d50000)
  eden space 4416K,   0% used [0x24800000, 0x24800000, 0x24c50000)
  from space 512K,  80% used [0x24cd0000, 0x24d379a8, 0x24d50000)
  to   space 512K,   0% used [0x24c50000, 0x24c50000, 0x24cd0000)
 tenured generation   total 10944K, used 3756K [0x29d50000, 0x2a800000, 0x34800000)
   the space 10944K,  34% used [0x29d50000, 0x2a0fb130, 0x2a0fb200, 0x2a800000)
 compacting perm gen  total 12288K, used 1806K [0x34800000, 0x35400000, 0x38800000)
   the space 12288K,  14% used [0x34800000, 0x349c3aa8, 0x349c3c00, 0x35400000)
    ro space 10240K,  44% used [0x38800000, 0x38c7d3a8, 0x38c7d400, 0x39200000)
    rw space 12288K,  52% used [0x39200000, 0x39849a18, 0x39849c00, 0x39e00000)
}
Event: 8.112 GC heap before
{Heap before GC invocations=3 (full 0):
 def new generation   total 4928K, used 4830K [0x24800000, 0x24d50000, 0x29d50000)
  eden space 4416K,  99% used [0x24800000, 0x24c4ff50, 0x24c50000)
  from space 512K,  80% used [0x24cd0000, 0x24d379a8, 0x24d50000)
  to   space 512K,   0% used [0x24c50000, 0x24c50000, 0x24cd0000)
 tenured generation   total 10944K, used 3756K [0x29d50000, 0x2a800000, 0x34800000)
   the space 10944K,  34% used [0x29d50000, 0x2a0fb130, 0x2a0fb200, 0x2a800000)
 compacting perm gen  total 12288K, used 2486K [0x34800000, 0x35400000, 0x38800000)
   the space 12288K,  20% used [0x34800000, 0x34a6da50, 0x34a6dc00, 0x35400000)
    ro space 10240K,  44% used [0x38800000, 0x38c7d3a8, 0x38c7d400, 0x39200000)
    rw space 12288K,  52% used [0x39200000, 0x39849a18, 0x39849c00, 0x39e00000)
Event: 8.115 GC heap after
Heap after GC invocations=4 (full 0):
 def new generation   total 4928K, used 403K [0x24800000, 0x24d50000, 0x29d50000)
  eden space 4416K,   0% used [0x24800000, 0x24800000, 0x24c50000)
  from space 512K,  78% used [0x24c50000, 0x24cb4e10, 0x24cd0000)
  to   space 512K,   0% used [0x24cd0000, 0x24cd0000, 0x24d50000)
 tenured generation   total 10944K, used 4118K [0x29d50000, 0x2a800000, 0x34800000)
   the space 10944K,  37% used [0x29d50000, 0x2a1558d8, 0x2a155a00, 0x2a800000)
 compacting perm gen  total 12288K, used 2486K [0x34800000, 0x35400000, 0x38800000)
   the space 12288K,  20% used [0x34800000, 0x34a6da50, 0x34a6dc00, 0x35400000)
    ro space 10240K,  44% used [0x38800000, 0x38c7d3a8, 0x38c7d400, 0x39200000)
    rw space 12288K,  52% used [0x39200000, 0x39849a18, 0x39849c00, 0x39e00000)
}
Event: 18.267 GC heap before
{Heap before GC invocations=4 (full 0):
 def new generation   total 4928K, used 4819K [0x24800000, 0x24d50000, 0x29d50000)
  eden space 4416K, 100% used [0x24800000, 0x24c50000, 0x24c50000)
  from space 512K,  78% used [0x24c50000, 0x24cb4e10, 0x24cd0000)
  to   space 512K,   0% used [0x24cd0000, 0x24cd0000, 0x24d50000)
 tenured generation   total 10944K, used 4118K [0x29d50000, 0x2a800000, 0x34800000)
   the space 10944K,  37% used [0x29d50000, 0x2a1558d8, 0x2a155a00, 0x2a800000)
 compacting perm gen  total 12288K, used 2595K [0x34800000, 0x35400000, 0x38800000)
   the space 12288K,  21% used [0x34800000, 0x34a88d00, 0x34a88e00, 0x35400000)
    ro space 10240K,  44% used [0x38800000, 0x38c7d3a8, 0x38c7d400, 0x39200000)
    rw space 12288K,  52% used [0x39200000, 0x39849a18, 0x39849c00, 0x39e00000)
Event: 18.270 GC heap after
Heap after GC invocations=5 (full 0):
 def new generation   total 4928K, used 326K [0x24800000, 0x24d50000, 0x29d50000)
  eden space 4416K,   0% used [0x24800000, 0x24800000, 0x24c50000)
  from space 512K,  63% used [0x24cd0000, 0x24d21990, 0x24d50000)
  to   space 512K,   0% used [0x24c50000, 0x24c50000, 0x24cd0000)
 tenured generation   total 10944K, used 6045K [0x29d50000, 0x2a800000, 0x34800000)
   the space 10944K,  55% used [0x29d50000, 0x2a3374f8, 0x2a337600, 0x2a800000)
 compacting perm gen  total 12288K, used 2595K [0x34800000, 0x35400000, 0x38800000)
   the space 12288K,  21% used [0x34800000, 0x34a88d00, 0x34a88e00, 0x35400000)
    ro space 10240K,  44% used [0x38800000, 0x38c7d3a8, 0x38c7d400, 0x39200000)
    rw space 12288K,  52% used [0x39200000, 0x39849a18, 0x39849c00, 0x39e00000)
}

Deoptimization events (0 events):
No events

Internal exceptions (10 events):
Event: 18.139 Thread 0x04aa8c00 Threw 0x249ce470 at C:\re\jdk7u80\2329\hotspot\src\share\vm\prims\jvm.cpp:1319
Event: 18.139 Thread 0x04aa8c00 Threw 0x249d4178 at C:\re\jdk7u80\2329\hotspot\src\share\vm\prims\jvm.cpp:1319
Event: 18.140 Thread 0x04aa8c00 Threw 0x249d9ea0 at C:\re\jdk7u80\2329\hotspot\src\share\vm\prims\jvm.cpp:1319
Event: 18.140 Thread 0x04aa8c00 Threw 0x249dfcc0 at C:\re\jdk7u80\2329\hotspot\src\share\vm\prims\jvm.cpp:1319
Event: 18.140 Thread 0x04aa8c00 Threw 0x249e5d48 at C:\re\jdk7u80\2329\hotspot\src\share\vm\prims\jvm.cpp:1319
Event: 18.141 Thread 0x04aa8c00 Threw 0x249ebad8 at C:\re\jdk7u80\2329\hotspot\src\share\vm\prims\jvm.cpp:1319
Event: 18.141 Thread 0x04aa8c00 Threw 0x249f1868 at C:\re\jdk7u80\2329\hotspot\src\share\vm\prims\jvm.cpp:1319
Event: 18.142 Thread 0x04aa8c00 Threw 0x249f7680 at C:\re\jdk7u80\2329\hotspot\src\share\vm\prims\jvm.cpp:1319
Event: 18.142 Thread 0x04aa8c00 Threw 0x249fd3c8 at C:\re\jdk7u80\2329\hotspot\src\share\vm\prims\jvm.cpp:1319
Event: 18.142 Thread 0x04aa8c00 Threw 0x24a03140 at C:\re\jdk7u80\2329\hotspot\src\share\vm\prims\jvm.cpp:1319

Events (10 events):
Event: 29.950 loading class 0x04b764f8
Event: 29.950 loading class 0x04b764f8 done
Event: 29.970 loading class 0x39e45648
Event: 29.971 loading class 0x39e45648 done
Event: 30.113 loading class 0x04b76438
Event: 30.113 loading class 0x04b76438 done
Event: 30.113 loading class 0x04938118
Event: 30.113 loading class 0x04938118 done
Event: 30.115 loading class 0x04b762e8
Event: 30.115 loading class 0x04b762e8 done


Dynamic libraries:
0x012b0000 - 0x012df000 	C:\Program Files (x86)\Java\jdk1.7.0_80\bin\java.exe
0x77090000 - 0x7721e000 	C:\WINDOWS\SYSTEM32\ntdll.dll
0x76300000 - 0x763d0000 	C:\WINDOWS\System32\KERNEL32.DLL
0x68610000 - 0x6863f000 	C:\Program Files (x86)\AVG\Antivirus\aswhookx.dll
0x75d10000 - 0x75ed2000 	C:\WINDOWS\System32\KERNELBASE.dll
0x69a70000 - 0x69b03000 	C:\WINDOWS\SYSTEM32\apphelp.dll
0x73b80000 - 0x73bf7000 	C:\WINDOWS\System32\ADVAPI32.dll
0x73c00000 - 0x73cbd000 	C:\WINDOWS\System32\msvcrt.dll
0x76620000 - 0x76661000 	C:\WINDOWS\System32\sechost.dll
0x75c50000 - 0x75d10000 	C:\WINDOWS\System32\RPCRT4.dll
0x73b60000 - 0x73b80000 	C:\WINDOWS\System32\SspiCli.dll
0x73b50000 - 0x73b5a000 	C:\WINDOWS\System32\CRYPTBASE.dll
0x76fc0000 - 0x77017000 	C:\WINDOWS\System32\bcryptPrimitives.dll
0x73d10000 - 0x73e4c000 	C:\WINDOWS\System32\USER32.dll
0x76e70000 - 0x76e86000 	C:\WINDOWS\System32\win32u.dll
0x76460000 - 0x76481000 	C:\WINDOWS\System32\GDI32.dll
0x75990000 - 0x75ae8000 	C:\WINDOWS\System32\gdi32full.dll
0x75560000 - 0x755d9000 	C:\WINDOWS\System32\msvcp_win.dll
0x76e90000 - 0x76fa8000 	C:\WINDOWS\System32\ucrtbase.dll
0x70a00000 - 0x70c0e000 	C:\WINDOWS\WinSxS\x86_microsoft.windows.common-controls_6595b64144ccf1df_6.0.15063.483_none_6dad63fefc436da8\COMCTL32.dll
0x75320000 - 0x75558000 	C:\WINDOWS\System32\combase.dll
0x75700000 - 0x75725000 	C:\WINDOWS\System32\IMM32.DLL
0x783b0000 - 0x7846f000 	C:\Program Files (x86)\Java\jdk1.7.0_80\jre\bin\msvcr100.dll
0x6df20000 - 0x6e2ab000 	C:\Program Files (x86)\Java\jdk1.7.0_80\jre\bin\client\jvm.dll
0x76e50000 - 0x76e56000 	C:\WINDOWS\System32\PSAPI.DLL
0x73710000 - 0x73718000 	C:\WINDOWS\SYSTEM32\WSOCK32.dll
0x76850000 - 0x768b7000 	C:\WINDOWS\System32\WS2_32.dll
0x709d0000 - 0x709f4000 	C:\WINDOWS\SYSTEM32\WINMM.dll
0x6fd80000 - 0x6fda3000 	C:\WINDOWS\SYSTEM32\WINMMBASE.dll
0x76490000 - 0x764c9000 	C:\WINDOWS\System32\cfgmgr32.dll
0x6e5d0000 - 0x6e5dc000 	C:\Program Files (x86)\Java\jdk1.7.0_80\jre\bin\verify.dll
0x6d060000 - 0x6d081000 	C:\Program Files (x86)\Java\jdk1.7.0_80\jre\bin\java.dll
0x6dd20000 - 0x6dd33000 	C:\Program Files (x86)\Java\jdk1.7.0_80\jre\bin\zip.dll
0x6da50000 - 0x6da64000 	C:\Program Files (x86)\Java\jdk1.7.0_80\jre\bin\net.dll
0x6cf10000 - 0x6cf5e000 	C:\WINDOWS\system32\mswsock.dll
0x6d860000 - 0x6d86f000 	C:\Program Files (x86)\Java\jdk1.7.0_80\jre\bin\nio.dll
0x6c4d0000 - 0x6c613000 	C:\Program Files (x86)\Java\jdk1.7.0_80\jre\bin\awt.dll
0x73e50000 - 0x73ee6000 	C:\WINDOWS\System32\OLEAUT32.dll
0x71ec0000 - 0x71ee3000 	C:\WINDOWS\system32\DWMAPI.DLL
0x71ef0000 - 0x71f68000 	C:\WINDOWS\system32\uxtheme.dll
0x764d0000 - 0x76616000 	C:\WINDOWS\System32\MSCTF.dll
0x75af0000 - 0x75be3000 	C:\WINDOWS\System32\ole32.dll
0x766d0000 - 0x766de000 	C:\WINDOWS\System32\kernel.appcore.dll
0x73fd0000 - 0x75318000 	C:\WINDOWS\System32\SHELL32.dll
0x75780000 - 0x7580c000 	C:\WINDOWS\System32\shcore.dll
0x768c0000 - 0x76e47000 	C:\WINDOWS\System32\windows.storage.dll
0x73cc0000 - 0x73d05000 	C:\WINDOWS\System32\shlwapi.dll
0x75730000 - 0x75775000 	C:\WINDOWS\System32\powrprof.dll
0x76fb0000 - 0x76fc0000 	C:\WINDOWS\System32\profapi.dll
0x6c400000 - 0x6c439000 	C:\Program Files (x86)\Java\jdk1.7.0_80\jre\bin\fontmanager.dll
0x698d0000 - 0x69954000 	C:\WINDOWS\SYSTEM32\mscms.dll
0x720a0000 - 0x720c2000 	C:\WINDOWS\SYSTEM32\USERENV.dll
0x5db80000 - 0x5dbbd000 	C:\WINDOWS\SYSTEM32\icm32.dll
0x67540000 - 0x67610000 	C:\Program Files (x86)\Java\jdk1.7.0_80\bin\jnotify.dll
0x6de40000 - 0x6de70000 	C:\Program Files (x86)\Java\jdk1.7.0_80\jre\bin\t2k.dll
0x5d770000 - 0x5d7d7000 	C:\WINDOWS\System32\TextInputFramework.dll
0x5d440000 - 0x5d667000 	C:\WINDOWS\System32\CoreUIComponents.dll
0x5d3b0000 - 0x5d43f000 	C:\WINDOWS\System32\CoreMessaging.dll
0x6cee0000 - 0x6cf08000 	C:\WINDOWS\SYSTEM32\ntmarta.dll
0x66e40000 - 0x66f11000 	C:\WINDOWS\SYSTEM32\wintypes.dll
0x5cfa0000 - 0x5cfb0000 	C:\WINDOWS\SYSTEM32\usermgrcli.dll
0x73f40000 - 0x73fc3000 	C:\WINDOWS\System32\clbcatq.dll
0x64060000 - 0x641d2000 	C:\WINDOWS\SYSTEM32\WindowsCodecs.dll
0x5ce90000 - 0x5ced3000 	C:\WINDOWS\system32\dataexchange.dll
0x70550000 - 0x707a2000 	C:\WINDOWS\system32\d3d11.dll
0x5cda0000 - 0x5ce8b000 	C:\WINDOWS\system32\dcomp.dll
0x704c0000 - 0x7054a000 	C:\WINDOWS\system32\dxgi.dll
0x67a40000 - 0x67b76000 	C:\WINDOWS\system32\twinapi.appcore.dll
0x72c70000 - 0x72c88000 	C:\WINDOWS\system32\bcrypt.dll
0x6cc10000 - 0x6cc1e000 	C:\Program Files (x86)\Java\jdk1.7.0_80\jre\bin\JdbcOdbc.dll
0x0f6a0000 - 0x0f73a000 	C:\WINDOWS\SYSTEM32\ODBC32.dll
0x67a30000 - 0x67a38000 	C:\WINDOWS\SYSTEM32\DPAPI.dll
0x0f340000 - 0x0f360000 	C:\WINDOWS\system32\odbccp32.dll
0x73350000 - 0x73358000 	C:\WINDOWS\SYSTEM32\VERSION.dll
0x0f940000 - 0x0f98c000 	C:\Windows\System32\msjtes40.dll
0x0f9a0000 - 0x0f9ab000 	C:\WINDOWS\SYSTEM32\VBAJET32.DLL
0x0f9c0000 - 0x0fa22000 	C:\WINDOWS\SYSTEM32\expsrv.dll
0x69960000 - 0x699ee000 	C:\WINDOWS\WinSxS\x86_microsoft.windows.common-controls_6595b64144ccf1df_5.82.15063.413_none_55bc94a37c2a2854\comctl32.dll
0x620c0000 - 0x62224000 	C:\WINDOWS\system32\propsys.dll
0x57a50000 - 0x57b74000 	C:\WINDOWS\system32\NetworkExplorer.dll
0x65710000 - 0x65988000 	C:\Windows\System32\OneCoreUAPCommonProxyStub.dll
0x64010000 - 0x64057000 	C:\Windows\System32\thumbcache.dll
0x63fa0000 - 0x64004000 	C:\WINDOWS\SYSTEM32\policymanager.dll
0x63aa0000 - 0x63b06000 	C:\WINDOWS\SYSTEM32\msvcp110_win.dll
0x6f180000 - 0x6f196000 	C:\WINDOWS\SYSTEM32\MPR.dll
0x5d870000 - 0x5d879000 	C:\WINDOWS\System32\drprov.dll
0x71e70000 - 0x71eb2000 	C:\WINDOWS\System32\WINSTA.dll
0x579f0000 - 0x57a02000 	C:\WINDOWS\System32\ntlanman.dll
0x535b0000 - 0x535ca000 	C:\WINDOWS\System32\davclnt.dll
0x5cd80000 - 0x5cd8a000 	C:\WINDOWS\System32\DAVHLPR.dll
0x6fc50000 - 0x6fc60000 	C:\WINDOWS\System32\wkscli.dll
0x52730000 - 0x5273f000 	C:\WINDOWS\SYSTEM32\cscapi.dll
0x72070000 - 0x7207b000 	C:\WINDOWS\System32\netutils.dll
0x0f250000 - 0x0f290000 	C:\Windows\System32\dlnashext.dll
0x0fc70000 - 0x0fcc6000 	C:\Windows\System32\PlayToDevice.dll
0x514d0000 - 0x514ea000 	C:\Windows\System32\DevDispItemProvider.dll
0x64520000 - 0x64579000 	C:\WINDOWS\System32\MMDevApi.dll
0x67140000 - 0x67162000 	C:\WINDOWS\System32\DEVOBJ.dll
0x72f20000 - 0x72f4f000 	C:\WINDOWS\SYSTEM32\IPHLPAPI.DLL
0x77020000 - 0x77027000 	C:\WINDOWS\System32\NSI.dll
0x6f3c0000 - 0x6f3d3000 	C:\WINDOWS\SYSTEM32\dhcpcsvc6.DLL
0x6f3a0000 - 0x6f3b4000 	C:\WINDOWS\SYSTEM32\dhcpcsvc.DLL
0x6dd80000 - 0x6dd88000 	C:\WINDOWS\SYSTEM32\WINNSI.DLL
0x661a0000 - 0x661cc000 	C:\WINDOWS\System32\netprofm.dll
0x66fa0000 - 0x66fa9000 	C:\WINDOWS\System32\npmproxy.dll
0x3f840000 - 0x3fa12000 	C:\WINDOWS\system32\wpdshext.dll
0x6f210000 - 0x6f376000 	C:\WINDOWS\WinSxS\x86_microsoft.windows.gdiplus_6595b64144ccf1df_1.1.15063.608_none_9e9d5d4256d15def\gdiplus.dll
0x07800000 - 0x07883000 	C:\Windows\System32\PortableDeviceApi.dll
0x75ee0000 - 0x762fa000 	C:\WINDOWS\System32\SETUPAPI.dll
0x73ef0000 - 0x73f34000 	C:\WINDOWS\System32\WINTRUST.dll
0x76e60000 - 0x76e6e000 	C:\WINDOWS\System32\MSASN1.dll
0x75810000 - 0x7598d000 	C:\WINDOWS\System32\CRYPT32.dll
0x3f540000 - 0x3f581000 	C:\WINDOWS\system32\audiodev.dll
0x07890000 - 0x07aa7000 	C:\WINDOWS\system32\WMVCore.DLL
0x0ff80000 - 0x0ffbf000 	C:\WINDOWS\system32\WMASF.DLL
0x64ed0000 - 0x64fd7000 	C:\WINDOWS\system32\mfperfhelper.dll
0x65520000 - 0x65685000 	C:\WINDOWS\SYSTEM32\MFPlat.DLL
0x664a0000 - 0x664ca000 	C:\WINDOWS\SYSTEM32\RTWorkQ.DLL
0x67b80000 - 0x67b8d000 	C:\WINDOWS\SYSTEM32\LINKINFO.dll
0x70950000 - 0x7095a000 	C:\WINDOWS\SYSTEM32\Secur32.dll
0x72dc0000 - 0x72f1d000 	C:\WINDOWS\SYSTEM32\dbghelp.dll

VM Arguments:
jvm_args: -Dfile.encoding=UTF-8 
java_command: elemento.Elemento
Launcher Type: SUN_STANDARD

Environment Variables:
PATH=C:\ProgramData\Oracle\Java\javapath;C:\Program Files (x86)\Common Files\Intel\Shared Files\cpp\bin\Intel64;C:\Program Files (x86)\Business Objects\Common\3.5\bin\NOTES\;C:\Program Files (x86)\Business Objects\Common\3.5\bin\NOTES\DATA\;C:\Program Files (x86)\Intel\iCLS Client\;C:\Program Files\Intel\iCLS Client\;C:\WINDOWS\system32;C:\WINDOWS;C:\WINDOWS\System32\Wbem;C:\WINDOWS\System32\WindowsPowerShell\v1.0\;C:\Program Files\Intel\Intel(R) Management Engine Components\DAL;C:\Program Files (x86)\Intel\Intel(R) Management Engine Components\DAL;C:\Program Files\Intel\Intel(R) Management Engine Components\IPT;C:\Program Files (x86)\Intel\Intel(R) Management Engine Components\IPT;C:\Program Files (x86)\MySQL\MySQL Fabric 1.5.4 & MySQL Utilities 1.5.4 1.5\;C:\Program Files (x86)\MySQL\MySQL Fabric 1.5.4 & MySQL Utilities 1.5.4 1.5\Doctrine extensions for PHP\;C:\Program Files (x86)\Microsoft SQL Server\100\Tools\Binn\VSShell\Common7\IDE\;C:\Program Files (x86)\Microsoft SQL Server\100\Tools\Binn\;C:\Program Files\Microsoft SQL Server\100\Tools\Binn\;C:\Program Files (x86)\Microsoft SQL Server\100\DTS\Binn\;C:\Program Files (x86)\Skype\Phone\;C:\Program Files (x86)\Microsoft SQL Server\110\Tools\Binn\ManagementStudio\;C:\Program Files (x86)\Microsoft SQL Server\110\Tools\Binn\;C:\Program Files\Microsoft SQL Server\110\Tools\Binn\;C:\Program Files (x86)\Microsoft SQL Server\110\DTS\Binn\;C:\Program Files\Microsoft SQL Server\100\DTS\Binn\;C:\Program Files\nodejs\;C:\Program Files\Git\cmd;C:\Program Files (x86)\Windows Kits\8.1\Windows Performance Toolkit\;C:\Program Files\Redis\;C:\Program Files\Intel\WiFi\bin\;C:\Program Files\Common Files\Intel\WirelessCommon\;C:\Program Files (x86)\Jar2Exe Wizard\;C:\Users\JoséAbelardo\AppData\Local\Microsoft\WindowsApps;C:\Users\JoséAbelardo\AppData\Roaming\npm;C:\Program Files\Intel\WiFi\bin\;C:\Program Files\Common Files\Intel\WirelessCommon\
USERNAME=JoséAbelardo
OS=Windows_NT
PROCESSOR_IDENTIFIER=Intel64 Family 6 Model 142 Stepping 9, GenuineIntel



---------------  S Y S T E M  ---------------

OS: Windows 8.1 , 64 bit Build 9600 

CPU:total 4 (2 cores per cpu, 2 threads per core) family 6 model 142 stepping 9, cmov, cx8, fxsr, mmx, sse, sse2, sse3, ssse3, sse4.1, sse4.2, popcnt, avx, avx2, aes, erms, ht, tsc, tscinvbit

Memory: 4k page, physical 16673408k(5575204k free), swap 16673408k(4186224k free)

vm_info: Java HotSpot(TM) Client VM (24.80-b11) for windows-x86 JRE (1.7.0_80-b15), built on Apr 10 2015 13:33:35 by "java_re" with unknown MS VC++:1600

time: Wed Dec 20 21:41:57 2017
elapsed time: 30 seconds

